[2026-03-09T19:29:07.204Z] 
→ Starting: Pre-Analysis
[2026-03-09T19:29:07.204Z] ════════════════════════════════════════════════════════════
[2026-03-09T19:29:07.204Z] 🔷  Step 0: Pre-Analysis - Analyzing Recent Changes
[2026-03-09T19:29:07.204Z] ════════════════════════════════════════════════════════════
[2026-03-09T19:29:07.219Z] Commits ahead of remote: 0
[2026-03-09T19:29:07.219Z] Modified files: 1
[2026-03-09T19:29:07.232Z] ✓ Project kind from config: configuration_library (configured)
[2026-03-09T19:29:07.237Z] ✓ Pre-analysis complete:
  • Commits ahead: 0
  • Modified files: 1
  • Change scope: mixed-changes
  • Documentation: 0 files
  • Tests: 0 files
  • Source: 0 files
  • Config: 0 files
  • Project kind: configuration_library (100% confidence)

[2026-03-09T19:29:07.241Z] ✓ Step step_00 completed in 37ms
[2026-03-09T19:29:07.241Z] [DEBUG] [Performance] step_00: 37ms
[2026-03-09T19:29:07.241Z] [DEBUG] Recorded outcome for step_00: success
[2026-03-09T19:29:07.241Z] ✓ Completed: Pre-Analysis (0s)
