[2026-03-09T19:29:07.242Z] 
→ Starting: Bootstrap Documentation
[2026-03-09T19:29:07.242Z] [DEBUG] Step0bBootstrapDocs.execute()
[2026-03-09T19:29:07.242Z] ════════════════════════════════════════════════════════════
[2026-03-09T19:29:07.242Z] 🔷  Step 0b: Documentation Gap Analysis and Generation
[2026-03-09T19:29:07.242Z] ════════════════════════════════════════════════════════════
[2026-03-09T19:29:07.242Z] Phase 1: Gathering project statistics...
[2026-03-09T19:29:07.242Z] [DEBUG] Gathering project statistics by scanning files...
[2026-03-09T19:29:07.242Z] [DEBUG] Listing all files in the project directory...
[2026-03-09T19:29:07.242Z] [DEBUG] Project root: /home/mpb/Documents/GitHub/bessa_patterns.ts
[2026-03-09T19:29:07.246Z] [DEBUG] Total files found: 101
[2026-03-09T19:29:07.246Z] [DEBUG] Converting to relative paths...
[2026-03-09T19:29:07.247Z] Project has 55 documentation files and 10 source files
[2026-03-09T19:29:07.247Z] README.md size: 1915 bytes, Has CHANGELOG: true, Has docs/ directory: true
[2026-03-09T19:29:07.247Z] Phase 2: Evaluating documentation coverage...
[2026-03-09T19:29:07.247Z] Step 0b: Documentation coverage adequate - no bootstrap needed
[2026-03-09T19:29:07.247Z] ✓ Step step_0b completed in 6ms
[2026-03-09T19:29:07.247Z] [DEBUG] [Performance] step_0b: 6ms
[2026-03-09T19:29:07.247Z] [DEBUG] Recorded outcome for step_0b: success
[2026-03-09T19:29:07.247Z] ✓ Completed: Bootstrap Documentation (0s)
