[2026-03-09T19:29:58.328Z] 
→ Starting: Documentation Optimization
[2026-03-09T19:29:58.328Z] Documentation optimization initialized
[2026-03-09T19:29:58.328Z] ════════════════════════════════════════════════════════════
[2026-03-09T19:29:58.328Z] 🔷  Step 2.5: Documentation Optimization
[2026-03-09T19:29:58.328Z] ════════════════════════════════════════════════════════════
[2026-03-09T19:29:58.339Z] Phase 1: Heuristics Analysis (7 files)
[2026-03-09T19:29:58.340Z] Calculating content hashes...
[2026-03-09T19:29:58.341Z] Found 0 duplicate groups (0 redundant files)
[2026-03-09T19:29:58.341Z] Analyzing document similarity...
[2026-03-09T19:29:58.345Z] Found 0 redundant pairs above 80% similarity
[2026-03-09T19:29:58.345Z] Found 0 exact duplicates, 0 redundant pairs
[2026-03-09T19:29:58.345Z] Phase 2: Git History Analysis
[2026-03-09T19:29:58.345Z] Analyzing git history for 7 files...
[2026-03-09T19:29:58.381Z] Completed git analysis for 7 files
[2026-03-09T19:29:58.381Z] Found 0 outdated files
[2026-03-09T19:29:58.381Z] Phase 3: Version Reference Analysis
[2026-03-09T19:29:58.382Z] Detected version from package.json: 0.12.1-alpha
[2026-03-09T19:29:58.382Z] Analyzing version references in 7 files (current: 0.12.1-alpha)...
[2026-03-09T19:29:58.384Z] Completed version analysis for 7 files
[2026-03-09T19:29:58.384Z] Version analysis complete (0 total outdated)
[2026-03-09T19:29:58.384Z] Phase 4: AI Edge Case Analysis (skipped - no AI analyzer)
[2026-03-09T19:29:58.384Z] Phase 5: Optimization Summary
[2026-03-09T19:29:58.384Z] 
📊 Analysis Results:
───────────────────
  Total files analyzed: 7
  Exact duplicates: 0
  Redundant pairs: 0
  Outdated files: 0
  Files to optimize: 0

[2026-03-09T19:29:58.384Z] No optimizations needed
[2026-03-09T19:29:58.384Z] ✓ Workflow complete (0s)
[2026-03-09T19:29:58.384Z] ✓ Step step_02_5 completed in 56ms
[2026-03-09T19:29:58.385Z] [DEBUG] [Performance] step_02_5: 56ms
[2026-03-09T19:29:58.385Z] [DEBUG] Recorded outcome for step_02_5: success
[2026-03-09T19:29:58.385Z] ✓ Completed: Documentation Optimization (0s)
