[2026-03-09T17:24:28.413Z] 
→ Starting: Documentation Optimization
[2026-03-09T17:24:28.414Z] Documentation optimization initialized
[2026-03-09T17:24:28.414Z] ════════════════════════════════════════════════════════════
[2026-03-09T17:24:28.414Z] 🔷  Step 2.5: Documentation Optimization
[2026-03-09T17:24:28.414Z] ════════════════════════════════════════════════════════════
[2026-03-09T17:24:28.425Z] Phase 1: Heuristics Analysis (7 files)
[2026-03-09T17:24:28.425Z] Calculating content hashes...
[2026-03-09T17:24:28.425Z] Found 0 duplicate groups (0 redundant files)
[2026-03-09T17:24:28.425Z] Analyzing document similarity...
[2026-03-09T17:24:28.429Z] Found 0 redundant pairs above 80% similarity
[2026-03-09T17:24:28.429Z] Found 0 exact duplicates, 0 redundant pairs
[2026-03-09T17:24:28.429Z] Phase 2: Git History Analysis
[2026-03-09T17:24:28.429Z] Analyzing git history for 7 files...
[2026-03-09T17:24:28.460Z] Completed git analysis for 7 files
[2026-03-09T17:24:28.460Z] Found 0 outdated files
[2026-03-09T17:24:28.460Z] Phase 3: Version Reference Analysis
[2026-03-09T17:24:28.461Z] Detected version from package.json: 0.11.1-alpha
[2026-03-09T17:24:28.461Z] Analyzing version references in 7 files (current: 0.11.1-alpha)...
[2026-03-09T17:24:28.463Z] Completed version analysis for 7 files
[2026-03-09T17:24:28.463Z] Version analysis complete (0 total outdated)
[2026-03-09T17:24:28.463Z] Phase 4: AI Edge Case Analysis (skipped - no AI analyzer)
[2026-03-09T17:24:28.464Z] Phase 5: Optimization Summary
[2026-03-09T17:24:28.464Z] 
📊 Analysis Results:
───────────────────
  Total files analyzed: 7
  Exact duplicates: 0
  Redundant pairs: 0
  Outdated files: 0
  Files to optimize: 0

[2026-03-09T17:24:28.464Z] No optimizations needed
[2026-03-09T17:24:28.464Z] ✓ Workflow complete (0s)
[2026-03-09T17:24:28.464Z] ✓ Step step_02_5 completed in 51ms
[2026-03-09T17:24:28.464Z] [DEBUG] [Performance] step_02_5: 51ms
[2026-03-09T17:24:28.464Z] [DEBUG] Recorded outcome for step_02_5: success
[2026-03-09T17:24:28.464Z] ✓ Completed: Documentation Optimization (0s)
