[2026-03-09T17:23:18.122Z] 
→ Starting: Bootstrap Documentation
[2026-03-09T17:23:18.123Z] [DEBUG] Step0bBootstrapDocs.execute()
[2026-03-09T17:23:18.123Z] ════════════════════════════════════════════════════════════
[2026-03-09T17:23:18.123Z] 🔷  Step 0b: Documentation Gap Analysis and Generation
[2026-03-09T17:23:18.123Z] ════════════════════════════════════════════════════════════
[2026-03-09T17:23:18.123Z] Phase 1: Gathering project statistics...
[2026-03-09T17:23:18.123Z] [DEBUG] Gathering project statistics by scanning files...
[2026-03-09T17:23:18.123Z] [DEBUG] Listing all files in the project directory...
[2026-03-09T17:23:18.123Z] [DEBUG] Project root: /home/mpb/Documents/GitHub/bessa_patterns.ts
[2026-03-09T17:23:18.127Z] [DEBUG] Total files found: 57
[2026-03-09T17:23:18.127Z] [DEBUG] Converting to relative paths...
[2026-03-09T17:23:18.127Z] Project has 13 documentation files and 9 source files
[2026-03-09T17:23:18.127Z] README.md size: 1915 bytes, Has CHANGELOG: true, Has docs/ directory: true
[2026-03-09T17:23:18.127Z] Phase 2: Evaluating documentation coverage...
[2026-03-09T17:23:18.127Z] Step 0b: Documentation coverage adequate - no bootstrap needed
[2026-03-09T17:23:18.128Z] ✓ Step step_0b completed in 6ms
[2026-03-09T17:23:18.128Z] [DEBUG] [Performance] step_0b: 6ms
[2026-03-09T17:23:18.128Z] [DEBUG] Recorded outcome for step_0b: success
[2026-03-09T17:23:18.128Z] ✓ Completed: Bootstrap Documentation (0s)
