[2026-03-09T17:23:18.081Z] 
→ Starting: Pre-Analysis
[2026-03-09T17:23:18.081Z] ════════════════════════════════════════════════════════════
[2026-03-09T17:23:18.081Z] 🔷  Step 0: Pre-Analysis - Analyzing Recent Changes
[2026-03-09T17:23:18.081Z] ════════════════════════════════════════════════════════════
[2026-03-09T17:23:18.095Z] Commits ahead of remote: 0
[2026-03-09T17:23:18.096Z] Modified files: 100
[2026-03-09T17:23:18.113Z] ✓ Project kind from config: configuration_library (configured)
[2026-03-09T17:23:18.116Z] ✓ Pre-analysis complete:
  • Commits ahead: 0
  • Modified files: 100
  • Change scope: full-stack
  • Documentation: 11 files
  • Tests: 4 files
  • Source: 3 files
  • Config: 12 files
  • Project kind: configuration_library (100% confidence)

[2026-03-09T17:23:18.121Z] ✓ Step step_00 completed in 41ms
[2026-03-09T17:23:18.122Z] [DEBUG] [Performance] step_00: 42ms
[2026-03-09T17:23:18.122Z] [DEBUG] Recorded outcome for step_00: success
[2026-03-09T17:23:18.122Z] ✓ Completed: Pre-Analysis (0s)
