[2026-03-09T19:05:15.756Z] 
→ Starting: Documentation Optimization
[2026-03-09T19:05:15.757Z] Documentation optimization initialized
[2026-03-09T19:05:15.757Z] ════════════════════════════════════════════════════════════
[2026-03-09T19:05:15.757Z] 🔷  Step 2.5: Documentation Optimization
[2026-03-09T19:05:15.757Z] ════════════════════════════════════════════════════════════
[2026-03-09T19:05:15.766Z] Phase 1: Heuristics Analysis (7 files)
[2026-03-09T19:05:15.766Z] Calculating content hashes...
[2026-03-09T19:05:15.766Z] Found 0 duplicate groups (0 redundant files)
[2026-03-09T19:05:15.766Z] Analyzing document similarity...
[2026-03-09T19:05:15.770Z] Found 0 redundant pairs above 80% similarity
[2026-03-09T19:05:15.770Z] Found 0 exact duplicates, 0 redundant pairs
[2026-03-09T19:05:15.770Z] Phase 2: Git History Analysis
[2026-03-09T19:05:15.771Z] Analyzing git history for 7 files...
[2026-03-09T19:05:15.807Z] Completed git analysis for 7 files
[2026-03-09T19:05:15.807Z] Found 0 outdated files
[2026-03-09T19:05:15.807Z] Phase 3: Version Reference Analysis
[2026-03-09T19:05:15.807Z] Detected version from package.json: 0.12.0-alpha
[2026-03-09T19:05:15.807Z] Analyzing version references in 7 files (current: 0.12.0-alpha)...
[2026-03-09T19:05:15.810Z] Completed version analysis for 7 files
[2026-03-09T19:05:15.810Z] Version analysis complete (0 total outdated)
[2026-03-09T19:05:15.810Z] Phase 4: AI Edge Case Analysis (skipped - no AI analyzer)
[2026-03-09T19:05:15.810Z] Phase 5: Optimization Summary
[2026-03-09T19:05:15.810Z] 
📊 Analysis Results:
───────────────────
  Total files analyzed: 7
  Exact duplicates: 0
  Redundant pairs: 0
  Outdated files: 0
  Files to optimize: 0

[2026-03-09T19:05:15.810Z] No optimizations needed
[2026-03-09T19:05:15.810Z] ✓ Workflow complete (0s)
[2026-03-09T19:05:15.810Z] ✓ Step step_02_5 completed in 54ms
[2026-03-09T19:05:15.810Z] [DEBUG] [Performance] step_02_5: 54ms
[2026-03-09T19:05:15.810Z] [DEBUG] Recorded outcome for step_02_5: success
[2026-03-09T19:05:15.810Z] ✓ Completed: Documentation Optimization (0s)
