[2026-03-09T19:04:45.050Z] 
→ Starting: Bootstrap Documentation
[2026-03-09T19:04:45.050Z] [DEBUG] Step0bBootstrapDocs.execute()
[2026-03-09T19:04:45.050Z] ════════════════════════════════════════════════════════════
[2026-03-09T19:04:45.050Z] 🔷  Step 0b: Documentation Gap Analysis and Generation
[2026-03-09T19:04:45.050Z] ════════════════════════════════════════════════════════════
[2026-03-09T19:04:45.050Z] Phase 1: Gathering project statistics...
[2026-03-09T19:04:45.050Z] [DEBUG] Gathering project statistics by scanning files...
[2026-03-09T19:04:45.050Z] [DEBUG] Listing all files in the project directory...
[2026-03-09T19:04:45.050Z] [DEBUG] Project root: /home/mpb/Documents/GitHub/bessa_patterns.ts
[2026-03-09T19:04:45.054Z] [DEBUG] Total files found: 79
[2026-03-09T19:04:45.054Z] [DEBUG] Converting to relative paths...
[2026-03-09T19:04:45.055Z] Project has 34 documentation files and 9 source files
[2026-03-09T19:04:45.055Z] README.md size: 1915 bytes, Has CHANGELOG: true, Has docs/ directory: true
[2026-03-09T19:04:45.055Z] Phase 2: Evaluating documentation coverage...
[2026-03-09T19:04:45.055Z] Step 0b: Documentation coverage adequate - no bootstrap needed
[2026-03-09T19:04:45.055Z] ✓ Step step_0b completed in 6ms
[2026-03-09T19:04:45.055Z] [DEBUG] [Performance] step_0b: 6ms
[2026-03-09T19:04:45.055Z] [DEBUG] Recorded outcome for step_0b: success
[2026-03-09T19:04:45.055Z] ✓ Completed: Bootstrap Documentation (0s)
