[2026-03-09T19:04:45.011Z] 
→ Starting: Pre-Analysis
[2026-03-09T19:04:45.011Z] ════════════════════════════════════════════════════════════
[2026-03-09T19:04:45.011Z] 🔷  Step 0: Pre-Analysis - Analyzing Recent Changes
[2026-03-09T19:04:45.011Z] ════════════════════════════════════════════════════════════
[2026-03-09T19:04:45.026Z] Commits ahead of remote: 0
[2026-03-09T19:04:45.026Z] Modified files: 3
[2026-03-09T19:04:45.041Z] ✓ Project kind from config: configuration_library (configured)
[2026-03-09T19:04:45.045Z] ✓ Pre-analysis complete:
  • Commits ahead: 0
  • Modified files: 3
  • Change scope: mixed-changes
  • Documentation: 0 files
  • Tests: 0 files
  • Source: 1 files
  • Config: 1 files
  • Project kind: configuration_library (100% confidence)

[2026-03-09T19:04:45.049Z] ✓ Step step_00 completed in 39ms
[2026-03-09T19:04:45.049Z] [DEBUG] [Performance] step_00: 39ms
[2026-03-09T19:04:45.049Z] [DEBUG] Recorded outcome for step_00: success
[2026-03-09T19:04:45.049Z] ✓ Completed: Pre-Analysis (0s)
