[2026-03-09T14:14:30.703Z] 
→ Starting: Pre-Analysis
[2026-03-09T14:14:30.703Z] ════════════════════════════════════════════════════════════
[2026-03-09T14:14:30.703Z] 🔷  Step 0: Pre-Analysis - Analyzing Recent Changes
[2026-03-09T14:14:30.703Z] ════════════════════════════════════════════════════════════
[2026-03-09T14:14:30.717Z] Commits ahead of remote: 0
[2026-03-09T14:14:30.717Z] Modified files: 15
[2026-03-09T14:14:30.737Z] ✓ Project kind from config: configuration_library (configured)
[2026-03-09T14:14:30.739Z] ✓ Pre-analysis complete:
  • Commits ahead: 0
  • Modified files: 15
  • Change scope: code-and-docs
  • Documentation: 4 files
  • Tests: 0 files
  • Source: 2 files
  • Config: 7 files
  • Project kind: configuration_library (100% confidence)

[2026-03-09T14:14:30.743Z] ✓ Step step_00 completed in 41ms
[2026-03-09T14:14:30.743Z] [DEBUG] [Performance] step_00: 41ms
[2026-03-09T14:14:30.743Z] [DEBUG] Recorded outcome for step_00: success
[2026-03-09T14:14:30.743Z] ✓ Completed: Pre-Analysis (0s)
